<?xml version="1.0" encoding="UTF-8"?>
<!-- Generated by org.testng.reporters.JUnitXMLReporter -->
<testsuite ignored="0" hostname="PoojaSanjay" failures="0" tests="3" name="Executiong in Edge" time="35.001" errors="0" timestamp="2023-05-09T07:24:30 IST">
  <testcase classname="com.sevenrmartsupermarket.tests.ManageUsersTest" name="verifyDeleteButton" time="0.0">
    <skipped/>
  </testcase> <!-- verifyDeleteButton -->
  <testcase classname="com.sevenrmartsupermarket.tests.ManageUsersTest" name="verifySearchButton" time="0.0">
    <skipped/>
  </testcase> <!-- verifySearchButton -->
  <testcase classname="com.sevenrmartsupermarket.tests.ManageUsersTest" name="verifyUserStatus" time="0.001">
    <skipped/>
  </testcase> <!-- verifyUserStatus -->
</testsuite> <!-- Executiong in Edge -->
